# JRE version: Java(TM) SE Runtime Environment (8.0_241-b07) (build 1.8.0_241-b07)
# Java VM: Java HotSpot(TM) 64-Bit Server VM (25.241-b07 mixed mode windows-amd64 compressed oops)
Heap:
 PSYoungGen      total 221184K, used 209656K [0x00000000d6580000, 0x00000000eac00000, 0x0000000100000000)
  eden space 148480K, 92% used [0x00000000d6580000,0x00000000deb42490,0x00000000df680000)
  from space 72704K, 99% used [0x00000000e4a80000,0x00000000e917bee0,0x00000000e9180000)
  to   space 86016K, 0% used [0x00000000df680000,0x00000000df680000,0x00000000e4a80000)
 ParOldGen       total 174592K, used 75749K [0x0000000083000000, 0x000000008da80000, 0x00000000d6580000)
  object space 174592K, 43% used [0x0000000083000000,0x00000000879f9740,0x000000008da80000)
 Metaspace       used 11770K, capacity 11968K, committed 12160K, reserved 1060864K
  class space    used 1221K, capacity 1297K, committed 1408K, reserved 1048576K
GC Heap History (10 events):
Event: 9.722 GC heap before
{Heap before GC invocations=15 (full 3):
 PSYoungGen      total 133632K, used 133615K [0x00000000d6580000, 0x00000000e2b00000, 0x0000000100000000)
  eden space 103424K, 100% used [0x00000000d6580000,0x00000000dca80000,0x00000000dca80000)
  from space 30208K, 99% used [0x00000000dca80000,0x00000000de7fbeb0,0x00000000de800000)
  to   space 37888K, 0% used [0x00000000e0600000,0x00000000e0600000,0x00000000e2b00000)
 ParOldGen       total 174592K, used 58699K [0x0000000083000000, 0x000000008da80000, 0x00000000d6580000)
  object space 174592K, 33% used [0x0000000083000000,0x0000000086952ef8,0x000000008da80000)
 Metaspace       used 11539K, capacity 11776K, committed 12160K, reserved 1060864K
  class space    used 1218K, capacity 1297K, committed 1408K, reserved 1048576K
Event: 9.734 GC heap after
Heap after GC invocations=15 (full 3):
 PSYoungGen      total 155136K, used 37880K [0x00000000d6580000, 0x00000000e3d80000, 0x0000000100000000)
  eden space 117248K, 0% used [0x00000000d6580000,0x00000000d6580000,0x00000000dd800000)
  from space 37888K, 99% used [0x00000000e0600000,0x00000000e2afe248,0x00000000e2b00000)
  to   space 47104K, 0% used [0x00000000dd800000,0x00000000dd800000,0x00000000e0600000)
 ParOldGen       total 174592K, used 64836K [0x0000000083000000, 0x000000008da80000, 0x00000000d6580000)
  object space 174592K, 37% used [0x0000000083000000,0x0000000086f51178,0x000000008da80000)
 Metaspace       used 11539K, capacity 11776K, committed 12160K, reserved 1060864K
  class space    used 1218K, capacity 1297K, committed 1408K, reserved 1048576K
}
Event: 11.578 GC heap before
{Heap before GC invocations=16 (full 3):
 PSYoungGen      total 155136K, used 155128K [0x00000000d6580000, 0x00000000e3d80000, 0x0000000100000000)
  eden space 117248K, 100% used [0x00000000d6580000,0x00000000dd800000,0x00000000dd800000)
  from space 37888K, 99% used [0x00000000e0600000,0x00000000e2afe248,0x00000000e2b00000)
  to   space 47104K, 0% used [0x00000000dd800000,0x00000000dd800000,0x00000000e0600000)
 ParOldGen       total 174592K, used 64836K [0x0000000083000000, 0x000000008da80000, 0x00000000d6580000)
  object space 174592K, 37% used [0x0000000083000000,0x0000000086f51178,0x000000008da80000)
 Metaspace       used 11611K, capacity 11840K, committed 12160K, reserved 1060864K
  class space    used 1219K, capacity 1297K, committed 1408K, reserved 1048576K
Event: 11.587 GC heap after
Heap after GC invocations=16 (full 3):
 PSYoungGen      total 164352K, used 43179K [0x00000000d6580000, 0x00000000e5980000, 0x0000000100000000)
  eden space 117248K, 0% used [0x00000000d6580000,0x00000000d6580000,0x00000000dd800000)
  from space 47104K, 91% used [0x00000000dd800000,0x00000000e022ac28,0x00000000e0600000)
  to   space 53760K, 0% used [0x00000000e2500000,0x00000000e2500000,0x00000000e5980000)
 ParOldGen       total 174592K, used 70919K [0x0000000083000000, 0x000000008da80000, 0x00000000d6580000)
  object space 174592K, 40% used [0x0000000083000000,0x0000000087541d88,0x000000008da80000)
 Metaspace       used 11611K, capacity 11840K, committed 12160K, reserved 1060864K
  class space    used 1219K, capacity 1297K, committed 1408K, reserved 1048576K
}
Event: 13.431 GC heap before
{Heap before GC invocations=17 (full 3):
 PSYoungGen      total 164352K, used 160217K [0x00000000d6580000, 0x00000000e5980000, 0x0000000100000000)
  eden space 117248K, 99% used [0x00000000d6580000,0x00000000dd7cbb08,0x00000000dd800000)
  from space 47104K, 91% used [0x00000000dd800000,0x00000000e022ac28,0x00000000e0600000)
  to   space 53760K, 0% used [0x00000000e2500000,0x00000000e2500000,0x00000000e5980000)
 ParOldGen       total 174592K, used 70919K [0x0000000083000000, 0x000000008da80000, 0x00000000d6580000)
  object space 174592K, 40% used [0x0000000083000000,0x0000000087541d88,0x000000008da80000)
 Metaspace       used 11641K, capacity 11904K, committed 12160K, reserved 1060864K
  class space    used 1219K, capacity 1297K, committed 1408K, reserved 1048576K
Event: 13.442 GC heap after
Heap after GC invocations=17 (full 3):
 PSYoungGen      total 188928K, used 48833K [0x00000000d6580000, 0x00000000e6780000, 0x0000000100000000)
  eden space 135168K, 0% used [0x00000000d6580000,0x00000000d6580000,0x00000000de980000)
  from space 53760K, 90% used [0x00000000e2500000,0x00000000e54b07f8,0x00000000e5980000)
  to   space 60928K, 0% used [0x00000000de980000,0x00000000de980000,0x00000000e2500000)
 ParOldGen       total 174592K, used 70927K [0x0000000083000000, 0x000000008da80000, 0x00000000d6580000)
  object space 174592K, 40% used [0x0000000083000000,0x0000000087543d88,0x000000008da80000)
 Metaspace       used 11641K, capacity 11904K, committed 12160K, reserved 1060864K
  class space    used 1219K, capacity 1297K, committed 1408K, reserved 1048576K
}
Event: 15.520 GC heap before
{Heap before GC invocations=18 (full 3):
 PSYoungGen      total 188928K, used 184001K [0x00000000d6580000, 0x00000000e6780000, 0x0000000100000000)
  eden space 135168K, 100% used [0x00000000d6580000,0x00000000de980000,0x00000000de980000)
  from space 53760K, 90% used [0x00000000e2500000,0x00000000e54b07f8,0x00000000e5980000)
  to   space 60928K, 0% used [0x00000000de980000,0x00000000de980000,0x00000000e2500000)
 ParOldGen       total 174592K, used 70927K [0x0000000083000000, 0x000000008da80000, 0x00000000d6580000)
  object space 174592K, 40% used [0x0000000083000000,0x0000000087543d88,0x000000008da80000)
 Metaspace       used 11657K, capacity 11904K, committed 12160K, reserved 1060864K
  class space    used 1219K, capacity 1297K, committed 1408K, reserved 1048576K
Event: 15.529 GC heap after
Heap after GC invocations=18 (full 3):
 PSYoungGen      total 196096K, used 60914K [0x00000000d6580000, 0x00000000e9180000, 0x0000000100000000)
  eden space 135168K, 0% used [0x00000000d6580000,0x00000000d6580000,0x00000000de980000)
  from space 60928K, 99% used [0x00000000de980000,0x00000000e24fcb80,0x00000000e2500000)
  to   space 72704K, 0% used [0x00000000e4a80000,0x00000000e4a80000,0x00000000e9180000)
 ParOldGen       total 174592K, used 74439K [0x0000000083000000, 0x000000008da80000, 0x00000000d6580000)
  object space 174592K, 42% used [0x0000000083000000,0x00000000878b1ec8,0x000000008da80000)
 Metaspace       used 11657K, capacity 11904K, committed 12160K, reserved 1060864K
  class space    used 1219K, capacity 1297K, committed 1408K, reserved 1048576K
}
Event: 17.677 GC heap before
{Heap before GC invocations=19 (full 3):
 PSYoungGen      total 196096K, used 196082K [0x00000000d6580000, 0x00000000e9180000, 0x0000000100000000)
  eden space 135168K, 100% used [0x00000000d6580000,0x00000000de980000,0x00000000de980000)
  from space 60928K, 99% used [0x00000000de980000,0x00000000e24fcb80,0x00000000e2500000)
  to   space 72704K, 0% used [0x00000000e4a80000,0x00000000e4a80000,0x00000000e9180000)
 ParOldGen       total 174592K, used 74439K [0x0000000083000000, 0x000000008da80000, 0x00000000d6580000)
  object space 174592K, 42% used [0x0000000083000000,0x00000000878b1ec8,0x000000008da80000)
 Metaspace       used 11748K, capacity 11968K, committed 12160K, reserved 1060864K
  class space    used 1219K, capacity 1297K, committed 1408K, reserved 1048576K
Event: 17.692 GC heap after
Heap after GC invocations=19 (full 3):
 PSYoungGen      total 221184K, used 72687K [0x00000000d6580000, 0x00000000eac00000, 0x0000000100000000)
  eden space 148480K, 0% used [0x00000000d6580000,0x00000000d6580000,0x00000000df680000)
  from space 72704K, 99% used [0x00000000e4a80000,0x00000000e917bee0,0x00000000e9180000)
  to   space 86016K, 0% used [0x00000000df680000,0x00000000df680000,0x00000000e4a80000)
 ParOldGen       total 174592K, used 75749K [0x0000000083000000, 0x000000008da80000, 0x00000000d6580000)
  object space 174592K, 43% used [0x0000000083000000,0x00000000879f9740,0x000000008da80000)
 Metaspace       used 11748K, capacity 11968K, committed 12160K, reserved 1060864K
  class space    used 1219K, capacity 1297K, committed 1408K, reserved 1048576K
}

